<?xml version="1.0" encoding="UTF-8"?>
<testng-results skipped="0" failed="1" total="1" passed="0">
  <reporter-output>
  </reporter-output>
  <suite name="Default suite" duration-ms="7359" started-at="2019-07-04T17:21:44Z" finished-at="2019-07-04T17:21:52Z">
    <groups>
    </groups>
    <test name="Default test" duration-ms="7359" started-at="2019-07-04T17:21:44Z" finished-at="2019-07-04T17:21:52Z">
      <class name="com.scripbox.goibibo.tests.checkPageAndSearchTest">
        <test-method status="PASS" signature="beforeClass()[pri:0, instance:com.scripbox.goibibo.tests.checkPageAndSearchTest@3e6fa38a]" name="beforeClass" is-config="true" duration-ms="6543" started-at="2019-07-04T22:51:44Z" finished-at="2019-07-04T22:51:51Z">
          <reporter-output>
          </reporter-output>
        </test-method> <!-- beforeClass -->
        <test-method status="FAIL" signature="checkPage()[pri:0, instance:com.scripbox.goibibo.tests.checkPageAndSearchTest@3e6fa38a]" name="checkPage" duration-ms="4" started-at="2019-07-04T22:51:51Z" finished-at="2019-07-04T22:51:51Z">
          <exception class="java.lang.NullPointerException">
            <full-stacktrace>
              <![CDATA[java.lang.NullPointerException
	at com.scripbox.goibibo.tests.checkPageAndSearchTest.checkPage(checkPageAndSearchTest.java:30)
	at sun.reflect.NativeMethodAccessorImpl.invoke0(Native Method)
	at sun.reflect.NativeMethodAccessorImpl.invoke(Unknown Source)
	at sun.reflect.DelegatingMethodAccessorImpl.invoke(Unknown Source)
	at java.lang.reflect.Method.invoke(Unknown Source)
	at org.testng.internal.MethodInvocationHelper.invokeMethod(MethodInvocationHelper.java:100)
	at org.testng.internal.Invoker.invokeMethod(Invoker.java:646)
	at org.testng.internal.Invoker.invokeTestMethod(Invoker.java:811)
	at org.testng.internal.Invoker.invokeTestMethods(Invoker.java:1129)
	at org.testng.internal.TestMethodWorker.invokeTestMethods(TestMethodWorker.java:129)
	at org.testng.internal.TestMethodWorker.run(TestMethodWorker.java:112)
	at org.testng.TestRunner.privateRun(TestRunner.java:746)
	at org.testng.TestRunner.run(TestRunner.java:600)
	at org.testng.SuiteRunner.runTest(SuiteRunner.java:366)
	at org.testng.SuiteRunner.runSequentially(SuiteRunner.java:361)
	at org.testng.SuiteRunner.privateRun(SuiteRunner.java:319)
	at org.testng.SuiteRunner.run(SuiteRunner.java:268)
	at org.testng.SuiteRunnerWorker.runSuite(SuiteRunnerWorker.java:52)
	at org.testng.SuiteRunnerWorker.run(SuiteRunnerWorker.java:86)
	at org.testng.TestNG.runSuitesSequentially(TestNG.java:1264)
	at org.testng.TestNG.runSuitesLocally(TestNG.java:1189)
	at org.testng.TestNG.runSuites(TestNG.java:1104)
	at org.testng.TestNG.run(TestNG.java:1076)
	at org.testng.remote.AbstractRemoteTestNG.run(AbstractRemoteTestNG.java:126)
	at org.testng.remote.RemoteTestNG.initAndRun(RemoteTestNG.java:152)
	at org.testng.remote.RemoteTestNG.main(RemoteTestNG.java:57)
]]>
            </full-stacktrace>
          </exception> <!-- java.lang.NullPointerException -->
          <reporter-output>
          </reporter-output>
        </test-method> <!-- checkPage -->
        <test-method status="PASS" signature="afterClass()[pri:0, instance:com.scripbox.goibibo.tests.checkPageAndSearchTest@3e6fa38a]" name="afterClass" is-config="true" duration-ms="794" started-at="2019-07-04T22:51:51Z" finished-at="2019-07-04T22:51:52Z">
          <reporter-output>
          </reporter-output>
        </test-method> <!-- afterClass -->
      </class> <!-- com.scripbox.goibibo.tests.checkPageAndSearchTest -->
    </test> <!-- Default test -->
  </suite> <!-- Default suite -->
</testng-results>
